<?xml version="1.0" encoding="UTF-8"?>
<testng-results ignored="0" total="1" passed="1" failed="0" skipped="0">
  <reporter-output>
  </reporter-output>
  <suite started-at="2021-07-08T10:46:44 CEST" name="tests.TestOne" finished-at="2021-07-08T10:46:51 CEST" duration-ms="6919">
    <groups>
    </groups>
    <test started-at="2021-07-08T10:46:44 CEST" name="Command line test" finished-at="2021-07-08T10:46:51 CEST" duration-ms="6919">
      <class name="tests.TestOne">
        <test-method signature="test2()[pri:0, instance:tests.TestOne@3043fe0e]" started-at="2021-07-08T10:46:44 CEST" name="test2" finished-at="2021-07-08T10:46:51 CEST" duration-ms="6816" status="PASS">
          <reporter-output>
          </reporter-output>
        </test-method> <!-- test2 -->
      </class> <!-- tests.TestOne -->
    </test> <!-- Command line test -->
  </suite> <!-- tests.TestOne -->
</testng-results>
